<?xml version="1.0" encoding="UTF-8"?>
<!-- Generated by org.testng.reporters.JUnitXMLReporter -->
<testsuite hostname="DESKTOP-RFT1P83" ignored="0" name="Command line test" tests="14" failures="0" timestamp="21 окт 2018 20:19:24 GMT" time="0.14" errors="0">
  <testcase name="testConvertToCar" time="0.0" classname="com.epam.training.test.FromDTOConverterTest"/>
  <testcase name="testNullConvertToCar" time="0.0" classname="com.epam.training.test.FromDTOConverterTest"/>
  <testcase name="testReturnNullConvertToCar" time="0.0" classname="com.epam.training.test.FromDTOConverterTest"/>
  <testcase name="testConvertJsonObject" time="0.0" classname="com.epam.training.test.JsonFileHandlerTest"/>
  <testcase name="testNullConvertJsonObject" time="0.0" classname="com.epam.training.test.JsonFileHandlerTest"/>
  <testcase name="testFindBySpeed" time="0.0" classname="com.epam.training.test.TaxiParkListHelperTest"/>
  <testcase name="testFindBySpeedException" time="0.016" classname="com.epam.training.test.TaxiParkListHelperTest"/>
  <testcase name="testSortByConsumption" time="0.0" classname="com.epam.training.test.TaxiParkListHelperTest"/>
  <testcase name="testAddCar" time="0.016" classname="com.epam.training.test.TaxiParkTest"/>
  <testcase name="testAddCar" time="0.0" classname="com.epam.training.test.TaxiParkTest"/>
  <testcase name="testCreateTaxiPark" time="0.0" classname="com.epam.training.test.TaxiParkTest"/>
  <testcase name="testDeleteCar" time="0.0" classname="com.epam.training.test.TaxiParkTest"/>
  <testcase name="testDeleteCar" time="0.015" classname="com.epam.training.test.TaxiParkTest"/>
  <testcase name="testSetCarList" time="0.0" classname="com.epam.training.test.TaxiParkTest"/>
</testsuite> <!-- Command line test -->
